<?xml version="1.0" encoding="UTF-8"?>
<!-- Generated by org.testng.reporters.JUnitReportReporter -->
<testsuite skipped="0" hostname="WIN-BE6PFADQ28D" name="com.restapi.testcases.TC5_del" tests="1" failures="0" timestamp="26 May 2019 04:40:36 GMT" time="4.989" errors="0">
  <testcase name="getempid" time="4.989" classname="com.restapi.testcases.TC5_del"/>
</testsuite> <!-- com.restapi.testcases.TC5_del -->
