<?xml version="1.0" encoding="UTF-8"?>
<!-- Generated by org.testng.reporters.JUnitReportReporter -->
<testsuite skipped="0" hostname="WIN-BE6PFADQ28D" name="com.restapi.testcases.TC1_get" tests="5" failures="0" timestamp="26 May 2019 04:44:14 GMT" time="0.124" errors="0">
  <testcase name="Checkstatusline" time="0.009" classname="com.restapi.testcases.TC1_get"/>
  <testcase name="checkStatuscode" time="0.002" classname="com.restapi.testcases.TC1_get"/>
  <testcase name="checkresponsebody" time="0.110" classname="com.restapi.testcases.TC1_get"/>
  <testcase name="checkresponsetime" time="0.002" classname="com.restapi.testcases.TC1_get"/>
  <testcase name="checkcontenttype" time="0.001" classname="com.restapi.testcases.TC1_get"/>
</testsuite> <!-- com.restapi.testcases.TC1_get -->
