<?xml version="1.0" encoding="UTF-8"?>
<!-- Generated by org.testng.reporters.JUnitReportReporter -->
<testsuite skipped="0" hostname="WIN-BE6PFADQ28D" name="com.restapi.testcases.TC3_post" tests="5" failures="0" timestamp="26 May 2019 04:30:41 GMT" time="4.215" errors="0">
  <testcase name="Post" time="4.195" classname="com.restapi.testcases.TC3_post"/>
  <testcase name="checkresponsebody" time="0.013" classname="com.restapi.testcases.TC3_post"/>
  <testcase name="checkStatuscode" time="0.004" classname="com.restapi.testcases.TC3_post"/>
  <testcase name="checkcontenttype" time="0.002" classname="com.restapi.testcases.TC3_post"/>
  <testcase name="checkresponsetime" time="0.001" classname="com.restapi.testcases.TC3_post"/>
</testsuite> <!-- com.restapi.testcases.TC3_post -->
