<?xml version="1.0" encoding="UTF-8"?>
<!-- Generated by org.testng.reporters.JUnitReportReporter -->
<testsuite skipped="0" hostname="WIN-BE6PFADQ28D" name="com.restapi.testcases.TC2_getid" tests="2" failures="0" timestamp="26 May 2019 04:32:07 GMT" time="4.507" errors="0">
  <testcase name="getempid" time="4.480" classname="com.restapi.testcases.TC2_getid"/>
  <testcase name="checkresponsebody" time="0.027" classname="com.restapi.testcases.TC2_getid"/>
</testsuite> <!-- com.restapi.testcases.TC2_getid -->
