<?xml version="1.0" encoding="UTF-8"?>
<!-- Generated by org.testng.reporters.JUnitReportReporter -->
<testsuite skipped="0" hostname="WIN-BE6PFADQ28D" name="com.restapi.testcases.TC4_update" tests="1" failures="0" timestamp="26 May 2019 04:38:22 GMT" time="8.056" errors="0">
  <testcase name="Post" time="8.056" classname="com.restapi.testcases.TC4_update"/>
</testsuite> <!-- com.restapi.testcases.TC4_update -->
