<?xml version="1.0" encoding="UTF-8"?>
<!-- Generated by org.testng.reporters.JUnitReportReporter -->
<testsuite skipped="0" hostname="WIN-BE6PFADQ28D" name="Authentication.premitive" tests="1" failures="0" timestamp="26 May 2019 05:47:08 GMT" time="2.760" errors="0">
  <testcase name="preauth" time="2.760" classname="Authentication.premitive"/>
</testsuite> <!-- Authentication.premitive -->
